{"/Users/Joesonw/t2ee/luke/test-dist/src/index.js":{"path":"/Users/Joesonw/t2ee/luke/test-dist/src/index.js","s":{"1":1,"2":1,"3":1,"4":1,"5":1,"6":1,"7":1,"8":1},"b":{},"f":{},"fnMap":{},"statementMap":{"1":{"start":{"line":2,"column":0},"end":{"line":2,"column":39}},"2":{"start":{"line":3,"column":0},"end":{"line":3,"column":43}},"3":{"start":{"line":4,"column":0},"end":{"line":4,"column":50}},"4":{"start":{"line":5,"column":0},"end":{"line":5,"column":48}},"5":{"start":{"line":6,"column":0},"end":{"line":6,"column":37}},"6":{"start":{"line":7,"column":0},"end":{"line":7,"column":40}},"7":{"start":{"line":8,"column":0},"end":{"line":8,"column":37}},"8":{"start":{"line":9,"column":0},"end":{"line":9,"column":40}}},"branchMap":{}},"/Users/Joesonw/t2ee/luke/test-dist/src/decorator.js":{"path":"/Users/Joesonw/t2ee/luke/test-dist/src/decorator.js","s":{"1":1,"2":1,"3":1,"4":1,"5":1,"6":1,"7":1,"8":1,"9":1,"10":1,"11":3,"12":3,"13":3,"14":3,"15":3,"16":3,"17":3,"18":1,"19":1,"20":0,"21":0,"22":0,"23":0,"24":0,"25":0,"26":1,"27":1,"28":0,"29":0,"30":0,"31":0,"32":0,"33":1},"b":{"1":[3,1],"2":[3,3],"3":[0,0],"4":[0,0],"5":[0,0],"6":[0,0]},"f":{"1":1,"2":3,"3":0,"4":0},"fnMap":{"1":{"name":"RemoteService","line":6,"loc":{"start":{"line":6,"column":0},"end":{"line":6,"column":29}}},"2":{"name":"RemoteMethod","line":13,"loc":{"start":{"line":13,"column":0},"end":{"line":13,"column":28}}},"3":{"name":"RemoteParam","line":29,"loc":{"start":{"line":29,"column":0},"end":{"line":29,"column":27}}},"4":{"name":"RemoteResponse","line":46,"loc":{"start":{"line":46,"column":0},"end":{"line":46,"column":32}}}},"statementMap":{"1":{"start":{"line":2,"column":0},"end":{"line":2,"column":37}},"2":{"start":{"line":3,"column":0},"end":{"line":3,"column":34}},"3":{"start":{"line":4,"column":0},"end":{"line":4,"column":28}},"4":{"start":{"line":5,"column":0},"end":{"line":5,"column":36}},"5":{"start":{"line":6,"column":0},"end":{"line":11,"column":1}},"6":{"start":{"line":7,"column":4},"end":{"line":10,"column":6}},"7":{"start":{"line":8,"column":8},"end":{"line":8,"column":43}},"8":{"start":{"line":9,"column":8},"end":{"line":9,"column":47}},"9":{"start":{"line":12,"column":0},"end":{"line":12,"column":38}},"10":{"start":{"line":13,"column":0},"end":{"line":27,"column":1}},"11":{"start":{"line":14,"column":4},"end":{"line":26,"column":6}},"12":{"start":{"line":15,"column":8},"end":{"line":15,"column":75}},"13":{"start":{"line":16,"column":8},"end":{"line":16,"column":81}},"14":{"start":{"line":17,"column":8},"end":{"line":17,"column":54}},"15":{"start":{"line":18,"column":8},"end":{"line":18,"column":64}},"16":{"start":{"line":19,"column":8},"end":{"line":23,"column":10}},"17":{"start":{"line":24,"column":8},"end":{"line":24,"column":49}},"18":{"start":{"line":28,"column":0},"end":{"line":28,"column":36}},"19":{"start":{"line":29,"column":0},"end":{"line":44,"column":1}},"20":{"start":{"line":30,"column":4},"end":{"line":43,"column":6}},"21":{"start":{"line":31,"column":8},"end":{"line":31,"column":82}},"22":{"start":{"line":32,"column":8},"end":{"line":32,"column":71}},"23":{"start":{"line":33,"column":8},"end":{"line":33,"column":64}},"24":{"start":{"line":34,"column":8},"end":{"line":38,"column":10}},"25":{"start":{"line":39,"column":8},"end":{"line":42,"column":10}},"26":{"start":{"line":45,"column":0},"end":{"line":45,"column":34}},"27":{"start":{"line":46,"column":0},"end":{"line":57,"column":1}},"28":{"start":{"line":47,"column":4},"end":{"line":56,"column":6}},"29":{"start":{"line":48,"column":8},"end":{"line":48,"column":56}},"30":{"start":{"line":49,"column":8},"end":{"line":49,"column":64}},"31":{"start":{"line":50,"column":8},"end":{"line":54,"column":10}},"32":{"start":{"line":55,"column":8},"end":{"line":55,"column":55}},"33":{"start":{"line":58,"column":0},"end":{"line":58,"column":40}}},"branchMap":{"1":{"line":18,"type":"binary-expr","locations":[{"start":{"line":18,"column":34},"end":{"line":18,"column":57}},{"start":{"line":18,"column":61},"end":{"line":18,"column":63}}]},"2":{"line":19,"type":"binary-expr","locations":[{"start":{"line":19,"column":39},"end":{"line":19,"column":67}},{"start":{"line":19,"column":71},"end":{"line":23,"column":9}}]},"3":{"line":33,"type":"binary-expr","locations":[{"start":{"line":33,"column":34},"end":{"line":33,"column":57}},{"start":{"line":33,"column":61},"end":{"line":33,"column":63}}]},"4":{"line":34,"type":"binary-expr","locations":[{"start":{"line":34,"column":39},"end":{"line":34,"column":67}},{"start":{"line":34,"column":71},"end":{"line":38,"column":9}}]},"5":{"line":49,"type":"binary-expr","locations":[{"start":{"line":49,"column":34},"end":{"line":49,"column":57}},{"start":{"line":49,"column":61},"end":{"line":49,"column":63}}]},"6":{"line":50,"type":"binary-expr","locations":[{"start":{"line":50,"column":39},"end":{"line":50,"column":67}},{"start":{"line":50,"column":71},"end":{"line":54,"column":9}}]}}},"/Users/Joesonw/t2ee/luke/test-dist/src/symbol.js":{"path":"/Users/Joesonw/t2ee/luke/test-dist/src/symbol.js","s":{"1":1,"2":1},"b":{},"f":{},"fnMap":{},"statementMap":{"1":{"start":{"line":2,"column":0},"end":{"line":2,"column":24}},"2":{"start":{"line":3,"column":0},"end":{"line":3,"column":26}}},"branchMap":{}},"/Users/Joesonw/t2ee/luke/test-dist/src/server/index.js":{"path":"/Users/Joesonw/t2ee/luke/test-dist/src/server/index.js","s":{"1":1,"2":1,"3":1,"4":1,"5":1,"6":1,"7":1,"8":1,"9":1,"10":1,"11":1,"12":1,"13":1,"14":1,"15":1,"16":1,"17":1,"18":1,"19":1,"20":3,"21":3,"22":3,"23":3,"24":3,"25":3,"26":2,"27":2,"28":1,"29":1,"30":1,"31":1},"b":{"1":[3,0],"2":[3,0]},"f":{"1":1,"2":1,"3":1,"4":1,"5":3},"fnMap":{"1":{"name":"(anonymous_1)","line":10,"loc":{"start":{"line":10,"column":15},"end":{"line":10,"column":22}}},"2":{"name":"(anonymous_2)","line":17,"loc":{"start":{"line":17,"column":12},"end":{"line":17,"column":22}}},"3":{"name":"(anonymous_3)","line":26,"loc":{"start":{"line":26,"column":9},"end":{"line":26,"column":12}}},"4":{"name":"(anonymous_4)","line":37,"loc":{"start":{"line":37,"column":17},"end":{"line":37,"column":26}}},"5":{"name":"(anonymous_5)","line":40,"loc":{"start":{"line":40,"column":17},"end":{"line":40,"column":43}}}},"statementMap":{"1":{"start":{"line":2,"column":0},"end":{"line":2,"column":34}},"2":{"start":{"line":3,"column":0},"end":{"line":3,"column":38}},"3":{"start":{"line":4,"column":0},"end":{"line":4,"column":48}},"4":{"start":{"line":5,"column":0},"end":{"line":5,"column":42}},"5":{"start":{"line":6,"column":0},"end":{"line":6,"column":38}},"6":{"start":{"line":7,"column":0},"end":{"line":7,"column":31}},"7":{"start":{"line":8,"column":0},"end":{"line":8,"column":33}},"8":{"start":{"line":11,"column":8},"end":{"line":11,"column":27}},"9":{"start":{"line":12,"column":8},"end":{"line":12,"column":49}},"10":{"start":{"line":13,"column":8},"end":{"line":13,"column":44}},"11":{"start":{"line":14,"column":8},"end":{"line":14,"column":26}},"12":{"start":{"line":15,"column":8},"end":{"line":15,"column":25}},"13":{"start":{"line":18,"column":8},"end":{"line":18,"column":44}},"14":{"start":{"line":19,"column":8},"end":{"line":19,"column":46}},"15":{"start":{"line":20,"column":8},"end":{"line":20,"column":37}},"16":{"start":{"line":21,"column":8},"end":{"line":24,"column":10}},"17":{"start":{"line":27,"column":8},"end":{"line":34,"column":11}},"18":{"start":{"line":35,"column":8},"end":{"line":35,"column":68}},"19":{"start":{"line":38,"column":8},"end":{"line":38,"column":34}},"20":{"start":{"line":41,"column":8},"end":{"line":41,"column":35}},"21":{"start":{"line":42,"column":8},"end":{"line":42,"column":61}},"22":{"start":{"line":43,"column":8},"end":{"line":43,"column":47}},"23":{"start":{"line":44,"column":8},"end":{"line":68,"column":9}},"24":{"start":{"line":45,"column":12},"end":{"line":67,"column":13}},"25":{"start":{"line":46,"column":16},"end":{"line":66,"column":19}},"26":{"start":{"line":48,"column":20},"end":{"line":51,"column":23}},"27":{"start":{"line":52,"column":20},"end":{"line":55,"column":23}},"28":{"start":{"line":58,"column":20},"end":{"line":61,"column":23}},"29":{"start":{"line":62,"column":20},"end":{"line":65,"column":23}},"30":{"start":{"line":71,"column":0},"end":{"line":71,"column":62}},"31":{"start":{"line":72,"column":0},"end":{"line":72,"column":31}}},"branchMap":{"1":{"line":44,"type":"if","locations":[{"start":{"line":44,"column":8},"end":{"line":44,"column":8}},{"start":{"line":44,"column":8},"end":{"line":44,"column":8}}]},"2":{"line":45,"type":"if","locations":[{"start":{"line":45,"column":12},"end":{"line":45,"column":12}},{"start":{"line":45,"column":12},"end":{"line":45,"column":12}}]}}},"/Users/Joesonw/t2ee/luke/test-dist/src/net/Transport.js":{"path":"/Users/Joesonw/t2ee/luke/test-dist/src/net/Transport.js","s":{"1":1,"2":1,"3":1,"4":1,"5":1,"6":1,"7":1,"8":1},"b":{"1":[1,1]},"f":{"1":1},"fnMap":{"1":{"name":"(anonymous_1)","line":3,"loc":{"start":{"line":3,"column":1},"end":{"line":3,"column":22}}}},"statementMap":{"1":{"start":{"line":2,"column":0},"end":{"line":2,"column":14}},"2":{"start":{"line":3,"column":0},"end":{"line":8,"column":34}},"3":{"start":{"line":4,"column":4},"end":{"line":4,"column":44}},"4":{"start":{"line":5,"column":4},"end":{"line":5,"column":44}},"5":{"start":{"line":6,"column":4},"end":{"line":6,"column":44}},"6":{"start":{"line":7,"column":4},"end":{"line":7,"column":42}},"7":{"start":{"line":9,"column":0},"end":{"line":9,"column":62}},"8":{"start":{"line":10,"column":0},"end":{"line":10,"column":28}}},"branchMap":{"1":{"line":8,"type":"binary-expr","locations":[{"start":{"line":8,"column":3},"end":{"line":8,"column":12}},{"start":{"line":8,"column":17},"end":{"line":8,"column":31}}]}}},"/Users/Joesonw/t2ee/luke/test-dist/src/net/Encode.js":{"path":"/Users/Joesonw/t2ee/luke/test-dist/src/net/Encode.js","s":{"1":1,"2":1,"3":1,"4":1,"5":1,"6":1},"b":{"1":[1,1]},"f":{"1":1},"fnMap":{"1":{"name":"(anonymous_1)","line":3,"loc":{"start":{"line":3,"column":1},"end":{"line":3,"column":19}}}},"statementMap":{"1":{"start":{"line":2,"column":0},"end":{"line":2,"column":11}},"2":{"start":{"line":3,"column":0},"end":{"line":6,"column":28}},"3":{"start":{"line":4,"column":4},"end":{"line":4,"column":40}},"4":{"start":{"line":5,"column":4},"end":{"line":5,"column":48}},"5":{"start":{"line":7,"column":0},"end":{"line":7,"column":62}},"6":{"start":{"line":8,"column":0},"end":{"line":8,"column":25}}},"branchMap":{"1":{"line":6,"type":"binary-expr","locations":[{"start":{"line":6,"column":3},"end":{"line":6,"column":9}},{"start":{"line":6,"column":14},"end":{"line":6,"column":25}}]}}},"/Users/Joesonw/t2ee/luke/test-dist/src/net/Util.js":{"path":"/Users/Joesonw/t2ee/luke/test-dist/src/net/Util.js","s":{"1":1,"2":1,"3":2,"4":0,"5":2,"6":0,"7":0,"8":2,"9":2,"10":0,"11":1,"12":1},"b":{"1":[0,2,0,0],"2":[2,0]},"f":{"1":2,"2":2},"fnMap":{"1":{"name":"(anonymous_1)","line":5,"loc":{"start":{"line":5,"column":28},"end":{"line":5,"column":40}}},"2":{"name":"(anonymous_2)","line":17,"loc":{"start":{"line":17,"column":25},"end":{"line":17,"column":34}}}},"statementMap":{"1":{"start":{"line":2,"column":0},"end":{"line":2,"column":48}},"2":{"start":{"line":3,"column":0},"end":{"line":3,"column":42}},"3":{"start":{"line":6,"column":8},"end":{"line":15,"column":9}},"4":{"start":{"line":8,"column":16},"end":{"line":8,"column":29}},"5":{"start":{"line":10,"column":16},"end":{"line":10,"column":29}},"6":{"start":{"line":12,"column":16},"end":{"line":12,"column":29}},"7":{"start":{"line":14,"column":16},"end":{"line":14,"column":28}},"8":{"start":{"line":18,"column":8},"end":{"line":23,"column":9}},"9":{"start":{"line":20,"column":16},"end":{"line":20,"column":30}},"10":{"start":{"line":22,"column":16},"end":{"line":22,"column":34}},"11":{"start":{"line":26,"column":0},"end":{"line":26,"column":62}},"12":{"start":{"line":27,"column":0},"end":{"line":27,"column":23}}},"branchMap":{"1":{"line":6,"type":"switch","locations":[{"start":{"line":7,"column":12},"end":{"line":8,"column":29}},{"start":{"line":9,"column":12},"end":{"line":10,"column":29}},{"start":{"line":11,"column":12},"end":{"line":12,"column":29}},{"start":{"line":13,"column":12},"end":{"line":14,"column":28}}]},"2":{"line":18,"type":"switch","locations":[{"start":{"line":19,"column":12},"end":{"line":20,"column":30}},{"start":{"line":21,"column":12},"end":{"line":22,"column":34}}]}}},"/Users/Joesonw/t2ee/luke/test-dist/src/client/index.js":{"path":"/Users/Joesonw/t2ee/luke/test-dist/src/client/index.js","s":{"1":1,"2":1,"3":1,"4":1,"5":1,"6":1,"7":1,"8":1,"9":1,"10":1,"11":1,"12":1,"13":1,"14":1,"15":1,"16":1,"17":1,"18":1,"19":3,"20":3,"21":3,"22":3,"23":3,"24":3,"25":3,"26":3,"27":1,"28":2,"29":2,"30":2,"31":2,"32":1,"33":1,"34":1,"35":1,"36":1,"37":1},"b":{"1":[2,0],"2":[1,0]},"f":{"1":1,"2":1,"3":1,"4":3,"5":2,"6":1},"fnMap":{"1":{"name":"(anonymous_1)","line":11,"loc":{"start":{"line":11,"column":15},"end":{"line":11,"column":18}}},"2":{"name":"(anonymous_2)","line":16,"loc":{"start":{"line":16,"column":11},"end":{"line":16,"column":28}}},"3":{"name":"(anonymous_3)","line":28,"loc":{"start":{"line":28,"column":13},"end":{"line":28,"column":23}}},"4":{"name":"(anonymous_4)","line":36,"loc":{"start":{"line":36,"column":26},"end":{"line":36,"column":47}}},"5":{"name":"(anonymous_5)","line":52,"loc":{"start":{"line":52,"column":18},"end":{"line":52,"column":28}}},"6":{"name":"(anonymous_6)","line":59,"loc":{"start":{"line":59,"column":15},"end":{"line":59,"column":25}}}},"statementMap":{"1":{"start":{"line":2,"column":0},"end":{"line":2,"column":34}},"2":{"start":{"line":3,"column":0},"end":{"line":3,"column":38}},"3":{"start":{"line":4,"column":0},"end":{"line":4,"column":48}},"4":{"start":{"line":5,"column":0},"end":{"line":5,"column":42}},"5":{"start":{"line":6,"column":0},"end":{"line":6,"column":38}},"6":{"start":{"line":7,"column":0},"end":{"line":7,"column":31}},"7":{"start":{"line":8,"column":0},"end":{"line":8,"column":23}},"8":{"start":{"line":9,"column":0},"end":{"line":9,"column":33}},"9":{"start":{"line":12,"column":8},"end":{"line":12,"column":49}},"10":{"start":{"line":13,"column":8},"end":{"line":13,"column":44}},"11":{"start":{"line":14,"column":8},"end":{"line":14,"column":24}},"12":{"start":{"line":17,"column":8},"end":{"line":26,"column":11}},"13":{"start":{"line":29,"column":8},"end":{"line":29,"column":44}},"14":{"start":{"line":30,"column":8},"end":{"line":30,"column":46}},"15":{"start":{"line":31,"column":8},"end":{"line":31,"column":36}},"16":{"start":{"line":32,"column":8},"end":{"line":32,"column":26}},"17":{"start":{"line":33,"column":8},"end":{"line":33,"column":37}},"18":{"start":{"line":34,"column":8},"end":{"line":49,"column":9}},"19":{"start":{"line":35,"column":12},"end":{"line":35,"column":59}},"20":{"start":{"line":36,"column":12},"end":{"line":48,"column":14}},"21":{"start":{"line":37,"column":16},"end":{"line":37,"column":85}},"22":{"start":{"line":38,"column":16},"end":{"line":43,"column":18}},"23":{"start":{"line":44,"column":16},"end":{"line":44,"column":36}},"24":{"start":{"line":45,"column":16},"end":{"line":45,"column":55}},"25":{"start":{"line":46,"column":16},"end":{"line":46,"column":39}},"26":{"start":{"line":47,"column":16},"end":{"line":47,"column":33}},"27":{"start":{"line":50,"column":8},"end":{"line":50,"column":22}},"28":{"start":{"line":53,"column":8},"end":{"line":53,"column":35}},"29":{"start":{"line":54,"column":8},"end":{"line":54,"column":46}},"30":{"start":{"line":55,"column":8},"end":{"line":57,"column":9}},"31":{"start":{"line":56,"column":12},"end":{"line":56,"column":49}},"32":{"start":{"line":60,"column":8},"end":{"line":60,"column":34}},"33":{"start":{"line":61,"column":8},"end":{"line":61,"column":46}},"34":{"start":{"line":62,"column":8},"end":{"line":64,"column":9}},"35":{"start":{"line":63,"column":12},"end":{"line":63,"column":48}},"36":{"start":{"line":67,"column":0},"end":{"line":67,"column":62}},"37":{"start":{"line":68,"column":0},"end":{"line":68,"column":31}}},"branchMap":{"1":{"line":55,"type":"if","locations":[{"start":{"line":55,"column":8},"end":{"line":55,"column":8}},{"start":{"line":55,"column":8},"end":{"line":55,"column":8}}]},"2":{"line":62,"type":"if","locations":[{"start":{"line":62,"column":8},"end":{"line":62,"column":8}},{"start":{"line":62,"column":8},"end":{"line":62,"column":8}}]}}}}