TN:
SF:/Users/Joesonw/t2ee/luke/test-dist/src/index.js
FNF:0
FNH:0
DA:2,1
DA:3,1
DA:4,1
DA:5,1
DA:6,1
DA:7,1
DA:8,1
DA:9,1
LF:8
LH:8
BRF:0
BRH:0
end_of_record
TN:
SF:/Users/Joesonw/t2ee/luke/test-dist/src/decorator.js
FN:6,RemoteService
FN:13,RemoteMethod
FN:29,RemoteParam
FN:46,RemoteResponse
FNF:4
FNH:2
FNDA:1,RemoteService
FNDA:3,RemoteMethod
FNDA:0,RemoteParam
FNDA:0,RemoteResponse
DA:2,1
DA:3,1
DA:4,1
DA:5,1
DA:6,1
DA:7,1
DA:8,1
DA:9,1
DA:12,1
DA:13,1
DA:14,3
DA:15,3
DA:16,3
DA:17,3
DA:18,3
DA:19,3
DA:24,3
DA:28,1
DA:29,1
DA:30,0
DA:31,0
DA:32,0
DA:33,0
DA:34,0
DA:39,0
DA:45,1
DA:46,1
DA:47,0
DA:48,0
DA:49,0
DA:50,0
DA:55,0
DA:58,1
LF:33
LH:22
BRDA:18,1,0,3
BRDA:18,1,1,1
BRDA:19,2,0,3
BRDA:19,2,1,3
BRDA:33,3,0,0
BRDA:33,3,1,0
BRDA:34,4,0,0
BRDA:34,4,1,0
BRDA:49,5,0,0
BRDA:49,5,1,0
BRDA:50,6,0,0
BRDA:50,6,1,0
BRF:12
BRH:4
end_of_record
TN:
SF:/Users/Joesonw/t2ee/luke/test-dist/src/symbol.js
FNF:0
FNH:0
DA:2,1
DA:3,1
LF:2
LH:2
BRF:0
BRH:0
end_of_record
TN:
SF:/Users/Joesonw/t2ee/luke/test-dist/src/server/index.js
FN:10,(anonymous_1)
FN:17,(anonymous_2)
FN:26,(anonymous_3)
FN:37,(anonymous_4)
FN:40,(anonymous_5)
FNF:5
FNH:5
FNDA:1,(anonymous_1)
FNDA:1,(anonymous_2)
FNDA:1,(anonymous_3)
FNDA:1,(anonymous_4)
FNDA:3,(anonymous_5)
DA:2,1
DA:3,1
DA:4,1
DA:5,1
DA:6,1
DA:7,1
DA:8,1
DA:11,1
DA:12,1
DA:13,1
DA:14,1
DA:15,1
DA:18,1
DA:19,1
DA:20,1
DA:21,1
DA:27,1
DA:35,1
DA:38,1
DA:41,3
DA:42,3
DA:43,3
DA:44,3
DA:45,3
DA:46,3
DA:48,2
DA:52,2
DA:58,1
DA:62,1
DA:71,1
DA:72,1
LF:31
LH:31
BRDA:44,1,0,3
BRDA:44,1,1,0
BRDA:45,2,0,3
BRDA:45,2,1,0
BRF:4
BRH:2
end_of_record
TN:
SF:/Users/Joesonw/t2ee/luke/test-dist/src/net/Transport.js
FN:3,(anonymous_1)
FNF:1
FNH:1
FNDA:1,(anonymous_1)
DA:2,1
DA:3,1
DA:4,1
DA:5,1
DA:6,1
DA:7,1
DA:9,1
DA:10,1
LF:8
LH:8
BRDA:8,1,0,1
BRDA:8,1,1,1
BRF:2
BRH:2
end_of_record
TN:
SF:/Users/Joesonw/t2ee/luke/test-dist/src/net/Encode.js
FN:3,(anonymous_1)
FNF:1
FNH:1
FNDA:1,(anonymous_1)
DA:2,1
DA:3,1
DA:4,1
DA:5,1
DA:7,1
DA:8,1
LF:6
LH:6
BRDA:6,1,0,1
BRDA:6,1,1,1
BRF:2
BRH:2
end_of_record
TN:
SF:/Users/Joesonw/t2ee/luke/test-dist/src/net/Util.js
FN:5,(anonymous_1)
FN:17,(anonymous_2)
FNF:2
FNH:2
FNDA:2,(anonymous_1)
FNDA:2,(anonymous_2)
DA:2,1
DA:3,1
DA:6,2
DA:8,0
DA:10,2
DA:12,0
DA:14,0
DA:18,2
DA:20,2
DA:22,0
DA:26,1
DA:27,1
LF:12
LH:8
BRDA:6,1,0,0
BRDA:6,1,1,2
BRDA:6,1,2,0
BRDA:6,1,3,0
BRDA:18,2,0,2
BRDA:18,2,1,0
BRF:6
BRH:2
end_of_record
TN:
SF:/Users/Joesonw/t2ee/luke/test-dist/src/client/index.js
FN:11,(anonymous_1)
FN:16,(anonymous_2)
FN:28,(anonymous_3)
FN:36,(anonymous_4)
FN:52,(anonymous_5)
FN:59,(anonymous_6)
FNF:6
FNH:6
FNDA:1,(anonymous_1)
FNDA:1,(anonymous_2)
FNDA:1,(anonymous_3)
FNDA:3,(anonymous_4)
FNDA:2,(anonymous_5)
FNDA:1,(anonymous_6)
DA:2,1
DA:3,1
DA:4,1
DA:5,1
DA:6,1
DA:7,1
DA:8,1
DA:9,1
DA:12,1
DA:13,1
DA:14,1
DA:17,1
DA:29,1
DA:30,1
DA:31,1
DA:32,1
DA:33,1
DA:34,1
DA:35,3
DA:36,3
DA:37,3
DA:38,3
DA:44,3
DA:45,3
DA:46,3
DA:47,3
DA:50,1
DA:53,2
DA:54,2
DA:55,2
DA:56,2
DA:60,1
DA:61,1
DA:62,1
DA:63,1
DA:67,1
DA:68,1
LF:37
LH:37
BRDA:55,1,0,2
BRDA:55,1,1,0
BRDA:62,2,0,1
BRDA:62,2,1,0
BRF:4
BRH:2
end_of_record
